C51 COMPILER V9.60.7.0   7_SEGMENT_COMMON_ANODE                                            01/23/2024 19:18:13 PAGE 1   


C51 COMPILER V9.60.7.0, COMPILATION OF MODULE 7_SEGMENT_COMMON_ANODE
OBJECT MODULE PLACED IN .\Objects\7_segment common_anode.obj
COMPILER INVOKED BY: C:\Keil_v5\C51\BIN\C51.EXE 7_segment common_anode.c OPTIMIZE(8,SPEED) BROWSE DEBUG OBJECTEXTEND PRI
                    -NT(.\Listings\7_segment common_anode.lst) TABS(2) OBJECT(.\Objects\7_segment common_anode.obj)

line level    source

   1          
   2          #include<reg51.h>
   3          
   4          //Function for generating delay
   5          void delay(unsigned int time)  // Function for creating delay in milliseconds.
   6          {
   7   1          unsigned i,j ;
   8   1          for(i=0;i<time;i++)    
   9   1          for(j=0;j<1275;j++);
  10   1      }
  11          sbit sw = P1^0;
  12            
  13          
  14          int  main()
  15          { 
  16   1        int numbers[10] = {0x40,0x79,0x24,0x30,0x19,0x12,0x02,0x78,0x00,0x10};
  17   1        int i;
  18   1          
  19   1        
  20   1          for(i=0;i<10;i++){
  21   2            if(sw==1){
  22   3            P2=numbers[i];
  23   3            delay(100);
  24   3            }
  25   2          }
  26   1        
  27   1          
  28   1        
  29   1        
  30   1          return 0;
  31   1      }


MODULE INFORMATION:   STATIC OVERLAYABLE
   CODE SIZE        =     89    ----
   CONSTANT SIZE    =     20    ----
   XDATA SIZE       =   ----    ----
   PDATA SIZE       =   ----    ----
   DATA SIZE        =   ----      20
   IDATA SIZE       =   ----    ----
   BIT SIZE         =   ----    ----
END OF MODULE INFORMATION.


C51 COMPILATION COMPLETE.  0 WARNING(S),  0 ERROR(S)
