C51 COMPILER V9.60.7.0   UARTMAIN                                                          02/09/2024 16:00:54 PAGE 1   


C51 COMPILER V9.60.7.0, COMPILATION OF MODULE UARTMAIN
OBJECT MODULE PLACED IN .\Objects\uartMain.obj
COMPILER INVOKED BY: C:\Keil_v5\C51\BIN\C51.EXE uartMain.c OPTIMIZE(8,SPEED) BROWSE DEBUG OBJECTEXTEND PRINT(.\Listings\
                    -uartMain.lst) TABS(2) OBJECT(.\Objects\uartMain.obj)

line level    source

   1          #include <reg51.h>
   2          
   3          // pin declarations
   4          sbit led = P2 ^ 0;
   5          
   6          
   7          void delay(int itime)
   8          {
   9   1          int i, j;
  10   1          for (i = 0; i < 1000; i++)
  11   1              for (j = 0; j < itime; j++)
  12   1                  ;
  13   1      }
  14          
  15          int main()
  16          
  17          {
  18   1          char ch;
  19   1          // UART sfr
  20   1           TMOD = 0x20;
  21   1           TH1  = 0Xfd; // FD is baudrate 9600
  22   1           SCON = 0x50;
  23   1           TR1 =1;
  24   1      
  25   1          while (RI==0);
  26   1          ch = SBUF;
  27   1          P2 = ch;
  28   1          RI = 0;
  29   1      
  30   1          return 0;
  31   1      }


MODULE INFORMATION:   STATIC OVERLAYABLE
   CODE SIZE        =     62    ----
   CONSTANT SIZE    =   ----    ----
   XDATA SIZE       =   ----    ----
   PDATA SIZE       =   ----    ----
   DATA SIZE        =   ----    ----
   IDATA SIZE       =   ----    ----
   BIT SIZE         =   ----    ----
END OF MODULE INFORMATION.


C51 COMPILATION COMPLETE.  0 WARNING(S),  0 ERROR(S)
