C51 COMPILER V9.60.7.0   MOTOR_STATE_LCD                                                   01/28/2024 12:40:54 PAGE 1   


C51 COMPILER V9.60.7.0, COMPILATION OF MODULE MOTOR_STATE_LCD
OBJECT MODULE PLACED IN .\Objects\motor_state_lcd.obj
COMPILER INVOKED BY: C:\Keil_v5\C51\BIN\C51.EXE motor_state_lcd.c OPTIMIZE(8,SPEED) BROWSE DEBUG OBJECTEXTEND PRINT(.\Li
                    -stings\motor_state_lcd.lst) TABS(2) OBJECT(.\Objects\motor_state_lcd.obj)

line level    source

   1          #include<reg51.h>
   2          
   3          void delay(int itime)
   4          {
   5   1          int i, j;
   6   1          for (i = 0; i < 1000; i++)
   7   1              for (j = 0; j < itime; j++)
   8   1                  ;
   9   1      }
  10          
  11          // Declaring pins
  12          sbit rs = P2 ^ 0;
  13          sbit rw = P2 ^ 1;
  14          sbit en = P2 ^ 2;
  15          
  16          // switch
  17          sbit sw = P1^0;
  18          
  19          // motor
  20          sbit m1 = P1^1;
  21          sbit m2 = P1^2;
  22          
  23          
  24          
  25          // Special funtions declaring , 0xBO is the address for port 3.
  26          // Addresses for all ports are different
  27          sfr ldata = 0xB0;
  28          
  29          // Function for giving commands to LCD
  30          void lcdcmd(char value)
  31          {
  32   1          ldata = value;
  33   1          rs = 0; // when rs = 0 --> command is recieved
  34   1          rw = 0; // when w = 0 --> write dataa
  35   1      
  36   1          // Triggereing en pin
  37   1          en = 1;
  38   1          delay(10);
  39   1          en = 0;
  40   1      }
  41          
  42          void lcddata(char value)
  43          {
  44   1          ldata = value;
  45   1          rs = 1; // when rs = 1 dataa is received
  46   1          rw = 0; // when w = 0 --> write dataa
  47   1      
  48   1          en = 1;
  49   1          delay(10);
  50   1          en = 0;
  51   1      }
  52          
  53          
  54          // Funtion for displaying dataa on LCD
C51 COMPILER V9.60.7.0   MOTOR_STATE_LCD                                                   01/28/2024 12:40:54 PAGE 2   

  55          void show(char name , int lcddelay){
  56   1        int i=0;
  57   1        for (i = 0; i <= name.lenght(); i++)
*** ERROR C200 IN LINE 57 OF motor_state_lcd.c: left side of '.' requires struct/union
  58   1        {
  59   2          lcddata(name[i]);
  60   2          delay(lcddelay);
  61   2        }
  62   1      
  63   1      }
  64          
  65          int main()
  66          {
  67   1          
  68   1          char clockwise[10] = "Clockwise";
  69   1          char anticlock[20] = "Anticlockwise";
  70   1        
  71   1            lcdcmd(0x0E);// display on cursor blinking
  72   1          lcdcmd(0x38);//5x7 matrix
  73   1      
  74   1          if (sw == 1)
  75   1          {
  76   2              m1 = 1;
  77   2              m2 = 0;
  78   2      
  79   2              show(clockwise,7);
  80   2          }
  81   1          else
  82   1          {
  83   2              m1 = 0;
  84   2              m2 = 1;
  85   2      
  86   2               show(anticlock,7);
  87   2          }
  88   1          lcdcmd(0x01);
  89   1          return 0;
  90   1      }

C51 COMPILATION COMPLETE.  0 WARNING(S),  1 ERROR(S)
