C51 COMPILER V9.60.7.0   STEPPER                                                           01/26/2024 15:56:29 PAGE 1   


C51 COMPILER V9.60.7.0, COMPILATION OF MODULE STEPPER
OBJECT MODULE PLACED IN .\Objects\stepper.obj
COMPILER INVOKED BY: C:\Keil_v5\C51\BIN\C51.EXE stepper.c OPTIMIZE(8,SPEED) BROWSE DEBUG OBJECTEXTEND PRINT(.\Listings\s
                    -tepper.lst) TABS(2) OBJECT(.\Objects\stepper.obj)

line level    source

   1          #include<reg51.h>
   2          void delay(int itime){
   3   1        int i,j;
   4   1        for(i=0;i<1000;i++)
   5   1        for(j=0;j<itime;j++);
   6   1      
   7   1      }
   8          
   9          sbit sw = P1^0;
  10          
  11          int main(){
  12   1        if(sw==1){
  13   2          P2=0X01;
  14   2            delay(10);
  15   2          P2=0X02;
  16   2            delay(10);
  17   2          P2=0X04;
  18   2            delay(10);
  19   2          P2=0X08;
  20   2              delay(10);
  21   2          
  22   2        }
  23   1        else{
  24   2          P2=0X08;
  25   2              delay(10);
  26   2          P2=0X04;
  27   2            delay(10);
  28   2          P2=0X02;
  29   2            delay(10);
  30   2          P2=0X01;
  31   2            delay(10);
  32   2        }
  33   1        
  34   1      return 0;
  35   1      }
  36            


MODULE INFORMATION:   STATIC OVERLAYABLE
   CODE SIZE        =     94    ----
   CONSTANT SIZE    =   ----    ----
   XDATA SIZE       =   ----    ----
   PDATA SIZE       =   ----    ----
   DATA SIZE        =   ----    ----
   IDATA SIZE       =   ----    ----
   BIT SIZE         =   ----    ----
END OF MODULE INFORMATION.


C51 COMPILATION COMPLETE.  0 WARNING(S),  0 ERROR(S)
