C51 COMPILER V9.60.7.0   ADC_LCD                                                           02/03/2024 18:56:02 PAGE 1   


C51 COMPILER V9.60.7.0, COMPILATION OF MODULE ADC_LCD
OBJECT MODULE PLACED IN .\Objects\ADC_LCD.obj
COMPILER INVOKED BY: C:\Keil_v5\C51\BIN\C51.EXE ADC_LCD.c OPTIMIZE(8,SPEED) BROWSE DEBUG OBJECTEXTEND PRINT(.\Listings\A
                    -DC_LCD.lst) TABS(2) OBJECT(.\Objects\ADC_LCD.obj)

line level    source

   1          #include <reg51.h>
   2          
   3          void delay(int itime)
   4          {
   5   1          int i, j;
   6   1          for (i = 0; i < 1000; i++)
   7   1              for (j = 0; j < itime; j++)
   8   1                  ;
   9   1      }
  10          
  11          // Pin declarations
  12          sbit rd    = P2 ^ 0;
  13          sbit wd    = P2 ^ 1;
  14          sbit int_r = P2 ^ 2;
  15          
  16          // LCD pins declaration
  17          sbit lcd_rs = P2 ^ 4;
  18          sbit lcd_rw = P2 ^ 5;
  19          sbit lcd_en = P2 ^ 6;
  20          
  21          // port declartion
  22          sfr ldata    = 0xB0; // for ADC
  23          sfr lcd_data = 0x90; // for LCD
  24          
  25          // Function for giving commands to LCD
  26          void lcdcmd(char value)
  27          {
  28   1          lcd_data = value;
  29   1          lcd_rs   = 0; // when rs = 0 --> recieving commands
  30   1          lcd_rw   = 0; // when w = 0 --> write dataa
  31   1      
  32   1          // Triggereing en pin
  33   1          lcd_en = 1;
  34   1          delay(10);
  35   1          lcd_en = 0;
  36   1      }
  37          
  38          // funtion for printing dataa on LCD
  39          void lcddata(char value)
  40          {
  41   1          lcd_data = value;
  42   1          lcd_rs   = 1; // when rs = 0  --> recieving dataa
  43   1          lcd_rw   = 0; // when w = 0 --> write dataa
  44   1      
  45   1          lcd_en = 1;
  46   1          delay(10);
  47   1          lcd_en = 0;
  48   1      }
  49          
  50          void printNumber(int num){
  51   1        int noOfDigits=0 , digit ;
  52   1        int digitsArr[3] = {0} ;
  53   1        int i ;
  54   1        int n = num ;
C51 COMPILER V9.60.7.0   ADC_LCD                                                           02/03/2024 18:56:02 PAGE 2   

  55   1        
  56   1        while(n > 0){
  57   2          digit = n % 10 ;
  58   2          digitsArr[noOfDigits] = digit ;
  59   2          n = n / 10;
  60   2          noOfDigits++ ;
  61   2        }
  62   1        
  63   1        for(i=2;i>=0; i--){
  64   2          lcdData(digitsArr[i] + 48);
*** WARNING C206 IN LINE 64 OF ADC_LCD.c: 'lcdData': missing function-prototype
*** ERROR C267 IN LINE 64 OF ADC_LCD.c: 'lcdData': requires ANSI-style prototype
  65   2          delay(2);
  66   2        }
  67   1      }
  68          int main()
  69          {
  70   1          char d;
  71   1      
  72   1          // All pins are declared as 1;
  73   1          ldata = 0xFF;
  74   1      
  75   1          rd    = 1;
  76   1          wd    = 1;
  77   1          int_r = 1;
  78   1      
  79   1          lcdcmd(0x0E); // Display ON , cursor BLINKING;
  80   1          lcdcmd(0x38); // 5x7 matrix
  81   1      
  82   1          while (1) {
  83   2              wd = 0;
  84   2              delay(10);
  85   2              wd = 1;
  86   2      
  87   2              while (int_r == 1)
  88   2                  ;
  89   2              rd = 0;
  90   2              d  = ldata;
  91   2              printNumber(num);
*** ERROR C202 IN LINE 91 OF ADC_LCD.c: 'num': undefined identifier
  92   2          delay(5);
  93   2              lcdcmd(0x01);
  94   2      
  95   2              rd = 1;
  96   2          }
  97   1      
  98   1          return 0;
  99   1      }

C51 COMPILATION COMPLETE.  1 WARNING(S),  2 ERROR(S)
