C51 COMPILER V9.60.7.0   ROBOT                                                             01/25/2024 14:57:12 PAGE 1   


C51 COMPILER V9.60.7.0, COMPILATION OF MODULE ROBOT
OBJECT MODULE PLACED IN .\Objects\robot.obj
COMPILER INVOKED BY: C:\Keil_v5\C51\BIN\C51.EXE robot.c OPTIMIZE(8,SPEED) BROWSE DEBUG OBJECTEXTEND PRINT(.\Listings\rob
                    -ot.lst) TABS(2) OBJECT(.\Objects\robot.obj)

line level    source

   1          #include<reg51.h>
   2          void delay(int itime){
   3   1        int i,j;
   4   1        for(i=0;i<1000;i++)
   5   1        for(j=0;j<itime;j++);
   6   1      
   7   1      }
   8          
   9          sbit m1 = P2^0;
  10          sbit m2 = P2^1;
  11          
  12          sbit m3 = P2^2;
  13          sbit m4 = P2^3;
  14          
  15          sbit sw1 = P1^0;
  16          sbit sw2 = P1^6;
  17          
  18          
  19          
  20          
  21          int main(){
  22   1        
  23   1        if(sw1==1 && sw2==1){
  24   2          m1=0;
  25   2          m2=1;
  26   2          
  27   2          m3=0;
  28   2          m4=1;
  29   2          //
  30   2          
  31   2          
  32   2          
  33   2        }
  34   1        
  35   1        if(sw1==0 && sw2==1){
  36   2          m1=0;
  37   2          m2=0;
  38   2          
  39   2          m3=1;
  40   2          m4=0;
  41   2          
  42   2        }
  43   1        
  44   1        if(sw1==1 && sw2==0){
  45   2          m1=1;
  46   2          m2=0;
  47   2          
  48   2          m3=0;
  49   2          m4=0;
  50   2          
  51   2        }
  52   1        
  53   1        if(sw1==0 && sw2==0){
  54   2          m1=1;
C51 COMPILER V9.60.7.0   ROBOT                                                             01/25/2024 14:57:12 PAGE 2   

  55   2          m2=0;
  56   2          m3=1;
  57   2          m4=0;
  58   2          
  59   2        }
  60   1        
  61   1        
  62   1        
  63   1        
  64   1        return 0;
  65   1      }


MODULE INFORMATION:   STATIC OVERLAYABLE
   CODE SIZE        =     98    ----
   CONSTANT SIZE    =   ----    ----
   XDATA SIZE       =   ----    ----
   PDATA SIZE       =   ----    ----
   DATA SIZE        =   ----    ----
   IDATA SIZE       =   ----    ----
   BIT SIZE         =   ----    ----
END OF MODULE INFORMATION.


C51 COMPILATION COMPLETE.  0 WARNING(S),  0 ERROR(S)
