C51 COMPILER V9.60.7.0   DC_MOTOR_SWITCH                                                   01/25/2024 14:31:37 PAGE 1   


C51 COMPILER V9.60.7.0, COMPILATION OF MODULE DC_MOTOR_SWITCH
OBJECT MODULE PLACED IN .\Objects\dc_motor_switch.obj
COMPILER INVOKED BY: C:\Keil_v5\C51\BIN\C51.EXE dc_motor_switch.c OPTIMIZE(8,SPEED) BROWSE DEBUG OBJECTEXTEND PRINT(.\Li
                    -stings\dc_motor_switch.lst) TABS(2) OBJECT(.\Objects\dc_motor_switch.obj)

line level    source

   1          #include<reg51.h>
   2          void delay(int itime){
   3   1        int i,j;
   4   1        for(i=0;i<1000;i++)
   5   1        for(j=0;j<itime;j++);
   6   1      
   7   1      }
   8          
   9          sbit m1 = P2^0;
  10          sbit m2 = P2^1;
  11          sbit sw = P1^0;
  12          
  13          
  14          
  15          int main(){
  16   1        
  17   1        if(sw==1){
  18   2          m1=1;
  19   2          m2=0;
  20   2      //  delay(20);
  21   2        }else{
  22   2          
  23   2        m1=0;
  24   2        m2=1;
  25   2        //delay(20);
  26   2        }
  27   1        
  28   1        
  29   1        
  30   1        return 0;
  31   1      }


MODULE INFORMATION:   STATIC OVERLAYABLE
   CODE SIZE        =     55    ----
   CONSTANT SIZE    =   ----    ----
   XDATA SIZE       =   ----    ----
   PDATA SIZE       =   ----    ----
   DATA SIZE        =   ----    ----
   IDATA SIZE       =   ----    ----
   BIT SIZE         =   ----    ----
END OF MODULE INFORMATION.


C51 COMPILATION COMPLETE.  0 WARNING(S),  0 ERROR(S)
