C51 COMPILER V9.60.7.0   7SEG_TRAFFIC_SIGNAL                                               01/25/2024 13:45:40 PAGE 1   


C51 COMPILER V9.60.7.0, COMPILATION OF MODULE 7SEG_TRAFFIC_SIGNAL
OBJECT MODULE PLACED IN .\Objects\7seg_Traffic_signal.obj
COMPILER INVOKED BY: C:\Keil_v5\C51\BIN\C51.EXE 7seg_Traffic_signal.c OPTIMIZE(8,SPEED) BROWSE DEBUG OBJECTEXTEND PRINT(
                    -.\Listings\7seg_Traffic_signal.lst) TABS(2) OBJECT(.\Objects\7seg_Traffic_signal.obj)

line level    source

   1          
   2          #include<reg51.h>
   3          
   4          //Function for generating delay
   5          void delay(int itime){
   6   1        int i,j;
   7   1        for(i=0;i<1000;i++)
   8   1        for(j=0;j<itime;j++);
   9   1      
  10   1      }
  11          
  12          // Defining LED's
  13          sbit red = P1^0;
  14          sbit yellow = P1^1;
  15          sbit green = P1^2;
  16          sbit sw = P1^3;
  17          
  18          
  19          
  20          
  21          int  main()
  22          { 
  23   1        int numbers[10] = {0x6f,0x7f,0x07,0x7d,0x6d,0x66,0x4f,0x5b,0x06,0x3f};
  24   1        int i;
  25   1        
  26   1          red=0;
  27   1          yellow=0;
  28   1          green=1;
  29   1      
  30   1        for( i = 0 ; i<6 ; i++){
  31   2          P2=numbers[i];
  32   2          delay(20);
  33   2          }
  34   1        
  35   1          red=0;
  36   1          yellow=1;
  37   1          green=0;
  38   1      
  39   1        for( i = 6 ; i<10 ; i++){
  40   2          P2=numbers[i];
  41   2          delay(20);
  42   2          }
  43   1        
  44   1          // Red
  45   1          red=1;
  46   1          yellow=0;
  47   1          green=0;
  48   1      
  49   1        for( i = 0 ; i<10 ; i++){
  50   2          P2=numbers[i];
  51   2          delay(20);
  52   2          }
  53   1        
  54   1          
C51 COMPILER V9.60.7.0   7SEG_TRAFFIC_SIGNAL                                               01/25/2024 13:45:40 PAGE 2   

  55   1        
  56   1          return 0;
  57   1      }


MODULE INFORMATION:   STATIC OVERLAYABLE
   CODE SIZE        =    142    ----
   CONSTANT SIZE    =     20    ----
   XDATA SIZE       =   ----    ----
   PDATA SIZE       =   ----    ----
   DATA SIZE        =   ----      20
   IDATA SIZE       =   ----    ----
   BIT SIZE         =   ----    ----
END OF MODULE INFORMATION.


C51 COMPILATION COMPLETE.  0 WARNING(S),  0 ERROR(S)
