C51 COMPILER V9.60.7.0   DEMO1                                                             01/17/2024 18:10:27 PAGE 1   


C51 COMPILER V9.60.7.0, COMPILATION OF MODULE DEMO1
OBJECT MODULE PLACED IN .\Objects\demo1.obj
COMPILER INVOKED BY: C:\Keil_v5\C51\BIN\C51.EXE demo1.c OPTIMIZE(8,SPEED) BROWSE DEBUG OBJECTEXTEND PRINT(.\Listings\dem
                    -o1.lst) TABS(2) OBJECT(.\Objects\demo1.obj)

line level    source

   1          #include<reg51.h>
   2          
   3          int main(){
   4   1        return 0;
   5   1      }


MODULE INFORMATION:   STATIC OVERLAYABLE
   CODE SIZE        =      4    ----
   CONSTANT SIZE    =   ----    ----
   XDATA SIZE       =   ----    ----
   PDATA SIZE       =   ----    ----
   DATA SIZE        =   ----    ----
   IDATA SIZE       =   ----    ----
   BIT SIZE         =   ----    ----
END OF MODULE INFORMATION.


C51 COMPILATION COMPLETE.  0 WARNING(S),  0 ERROR(S)
