C51 COMPILER V9.60.7.0   LCD_TRAFFIC_SIGNAL                                                01/30/2024 17:11:38 PAGE 1   


C51 COMPILER V9.60.7.0, COMPILATION OF MODULE LCD_TRAFFIC_SIGNAL
OBJECT MODULE PLACED IN .\Objects\lcd_traffic_signal.obj
COMPILER INVOKED BY: C:\Keil_v5\C51\BIN\C51.EXE lcd_traffic_signal.c OPTIMIZE(8,SPEED) BROWSE DEBUG OBJECTEXTEND PRINT(.
                    -\Listings\lcd_traffic_signal.lst) TABS(2) OBJECT(.\Objects\lcd_traffic_signal.obj)

line level    source

   1          
   2          #include <reg51.h>
   3          
   4          // Function for generating delay
   5          void delay(int itime)
   6          {
   7   1          int i, j;
   8   1          for (i = 0; i < 1000; i++)
   9   1              for (j = 0; j < itime; j++)
  10   1                  ;
  11   1      }
  12          
  13          // Defining LED's
  14          sbit red = P1 ^ 0;
  15          sbit yellow = P1 ^ 1;
  16          sbit green = P1 ^ 2;
  17          sbit sw = P1 ^ 3;
  18          
  19          // Declaring LCD pins
  20          sbit rs = P2 ^ 0;
  21          sbit rw = P2 ^ 1;
  22          sbit en = P2 ^ 2;
  23          
  24          // Special funtions declaring , 0xB0 is the address for port 3.
  25          // Addresses for all ports are different
  26          sfr ldata = 0xB0;
  27          
  28          // Function for giving commands to LCD
  29          void lcdcmd(char value)
  30          {
  31   1          ldata = value;
  32   1          rs = 0; // when rs = 0 --> command is recieved
  33   1          rw = 0; // when w = 0 --> write dataa
  34   1      
  35   1          // Triggereing en pin
  36   1          en = 1;
  37   1          delay(10);
  38   1          en = 0;
  39   1      }
  40          
  41          // funtion for printing data on LCD
  42          void lcddata(char value)
  43          {
  44   1          ldata = value;
  45   1          rs = 1; // when rs = 0 dataa is recieved
  46   1          rw = 0; // when w = 0 --> write dataa
  47   1      
  48   1          en = 1;
  49   1          delay(10);
  50   1          en = 0;
  51   1      }
  52          
  53          // Funtion for emergency
  54          void emerg(int  redState ,int greenState ,int yellowState)
C51 COMPILER V9.60.7.0   LCD_TRAFFIC_SIGNAL                                                01/30/2024 17:11:38 PAGE 2   

  55          {
  56   1          char emm[] = "EMERGENCY!";
  57   1          int j=0;
  58   1          
  59   1          red = 1;
  60   1          yellow = 0;
  61   1          green = 0;
  62   1      
  63   1          for (j = 0; j < 10; j++)
  64   1          {
  65   2      
  66   2              lcddata(emm[j]);
  67   2              //delay(2);
  68   2          }
  69   1          lcdcmd(0x01);
  70   1          
  71   1          red = redState;
  72   1          yellow = greenState;
  73   1          green = yellowState;
  74   1      }
  75          
  76          int main()
  77          {
  78   1          int i;
  79   1      
  80   1          char green_lcd[] = {'9', '8', '7', '6', '5', '4', '3', '2', '1', '0'};
  81   1          char go[]="GO...";
  82   1      
  83   1          lcdcmd(0x0E); // Display ON , cursor BLINKING;
  84   1          lcdcmd(0x38); // 5x7 matrix
  85   1      
  86   1          // Green
  87   1          red = 0;
  88   1          yellow = 0;
  89   1          green = 1;
  90   1      
  91   1          for (i = 0; i < 5; i++)
  92   1          {
  93   2              if (sw == 1)
  94   2              {
  95   3                  emerg(red,yellow,green);
  96   3              }
  97   2              else
  98   2              {
  99   3                  lcddata(green_lcd[i]);
 100   3                  delay(7);
 101   3                  lcdcmd(0x01);
 102   3              }
 103   2          }
 104   1          // lcdcmd(0x01);
 105   1      
 106   1          // yellow
 107   1          red = 0;
 108   1          yellow = 1;
 109   1          green = 0;
 110   1      
 111   1          for (i = 5; i < 10; i++)
 112   1          {
 113   2              if (sw == 1)
 114   2              {
 115   3                  emerg(red,yellow,green);
 116   3              }
C51 COMPILER V9.60.7.0   LCD_TRAFFIC_SIGNAL                                                01/30/2024 17:11:38 PAGE 3   

 117   2              else
 118   2              {
 119   3                  lcddata(green_lcd[i]);
 120   3                  delay(7);
 121   3                  lcdcmd(0x01);
 122   3              }
 123   2          }
 124   1      
 125   1          // red
 126   1          red = 1;
 127   1          yellow = 0;
 128   1          green = 0;
 129   1      
 130   1          for (i = 0; i < 10; i++)
 131   1          {
 132   2              if (sw == 1)
 133   2              {
 134   3                  emerg(red,yellow,green);
 135   3              }
 136   2              else
 137   2              {
 138   3                  lcddata(green_lcd[i]);
 139   3                  delay(7);
 140   3                  lcdcmd(0x01);
 141   3              }
 142   2          }
 143   1      
 144   1          return 0;
 145   1      }


MODULE INFORMATION:   STATIC OVERLAYABLE
   CODE SIZE        =    407    ----
   CONSTANT SIZE    =     27    ----
   XDATA SIZE       =   ----    ----
   PDATA SIZE       =   ----    ----
   DATA SIZE        =   ----      35
   IDATA SIZE       =   ----    ----
   BIT SIZE         =   ----    ----
END OF MODULE INFORMATION.


C51 COMPILATION COMPLETE.  0 WARNING(S),  0 ERROR(S)
