C51 COMPILER V9.60.7.0   LCD                                                               01/28/2024 11:47:42 PAGE 1   


C51 COMPILER V9.60.7.0, COMPILATION OF MODULE LCD
OBJECT MODULE PLACED IN .\Objects\LCD.obj
COMPILER INVOKED BY: C:\Keil_v5\C51\BIN\C51.EXE LCD.c OPTIMIZE(8,SPEED) BROWSE DEBUG OBJECTEXTEND PRINT(.\Listings\LCD.l
                    -st) TABS(2) OBJECT(.\Objects\LCD.obj)

line level    source

   1          #include <reg51.h>
   2          
   3          void delay(int itime)
   4          {
   5   1        int i, j;
   6   1        for (i = 0; i < 1000; i++)
   7   1          for (j = 0; j < itime; j++)
   8   1            ;
   9   1      }
  10          
  11          // Declaring pins
  12          sbit rs = P2 ^ 0;
  13          sbit rw = P2 ^ 1;
  14          sbit en = P2 ^ 2;
  15          
  16          // Special funtions declaring , 0x90 is the address for port 1.
  17          // Addresses for all ports are different
  18          sfr ldata = 0xB0;
  19          
  20          // Function for giving commands to LCD
  21          void lcdcmd(char value)
  22          {
  23   1        ldata = value;
  24   1        rs = 0; // when rs = 0 --> command is recieved
  25   1        rw = 0; // when w = 0 --> write dataa
  26   1      
  27   1        // Triggereing en pin
  28   1        en = 1;
  29   1        delay(10);
  30   1        en = 0;
  31   1      }
  32          
  33          void lcddata(char value)
  34          {
  35   1        ldata = value;
  36   1        rs = 1; // when rs = 0 dataa is recieved
  37   1        rw = 0; //when w = 0 --> write dataa
  38   1      
  39   1        en = 1;
  40   1        delay(10);
  41   1        en = 0;
  42   1      }
  43          
  44          int main()
  45          { 
  46   1          int i=0;
  47   1          char name[6] =  "ADITYA";
  48   1          char last[9] = "PACHUPATE";
  49   1        
  50   1         lcdcmd(0x0E); 
  51   1        lcdcmd(0x38);
  52   1      
  53   1      
  54   1      
C51 COMPILER V9.60.7.0   LCD                                                               01/28/2024 11:47:42 PAGE 2   

  55   1        
  56   1      
  57   1        for ( i = 0; i <=5; i++)
  58   1        {
  59   2            
  60   2            lcddata(name[i]);
  61   2            delay(10);
  62   2        }
  63   1        
  64   1        lcdcmd(0xC0); //force display to 2nd line
  65   1        
  66   1        for ( i = 0; i <=8; i++)
  67   1        {
  68   2            
  69   2            lcddata(last[i]);
  70   2            delay(10);
  71   2        }
  72   1        
  73   1        lcdcmd(0x01);
  74   1        
  75   1        
  76   1      
  77   1        return 0;
  78   1      }


MODULE INFORMATION:   STATIC OVERLAYABLE
   CODE SIZE        =    182    ----
   CONSTANT SIZE    =     15    ----
   XDATA SIZE       =   ----    ----
   PDATA SIZE       =   ----    ----
   DATA SIZE        =   ----      15
   IDATA SIZE       =   ----    ----
   BIT SIZE         =   ----    ----
END OF MODULE INFORMATION.


C51 COMPILATION COMPLETE.  0 WARNING(S),  0 ERROR(S)
