C51 COMPILER V9.60.7.0   ADC_INTERFACING                                                   02/02/2024 19:33:13 PAGE 1   


C51 COMPILER V9.60.7.0, COMPILATION OF MODULE ADC_INTERFACING
OBJECT MODULE PLACED IN .\Objects\ADC_interfacing.obj
COMPILER INVOKED BY: C:\Keil_v5\C51\BIN\C51.EXE ADC_interfacing.c OPTIMIZE(8,SPEED) BROWSE DEBUG OBJECTEXTEND PRINT(.\Li
                    -stings\ADC_interfacing.lst) TABS(2) OBJECT(.\Objects\ADC_interfacing.obj)

line level    source

   1          #include <reg51.h>
   2          
   3          void delay(int itime)
   4          {
   5   1          int i, j;
   6   1          for (i = 0; i < 1000; i++)
   7   1              for (j = 0; j < itime; j++)
   8   1                  ;
   9   1      }
  10          
  11          // Pin declarations
  12          sbit rd    = P2 ^ 0;
  13          sbit wd    = P2 ^ 1;
  14          sbit int_r = P2 ^ 2;
  15          
  16          // port declartion
  17          sfr ldata = 0xB0;
  18          
  19          int main()
  20          {
  21   1          char d;
  22   1      
  23   1          // All pins are declared as 1;
  24   1          ldata = 0xFF;
  25   1      
  26   1          rd    = 1;
  27   1          wd    = 1;
  28   1          int_r = 1;
  29   1      
  30   1          while (1) {
  31   2              wd = 0;
  32   2              delay(10);
  33   2              wd = 1;
  34   2      
  35   2              while (int_r == 1);
  36   2              rd = 0;
  37   2              d  = ldata;
  38   2              P1 = d;
  39   2              rd = 1 ;
  40   2          }
  41   1      
  42   1          return 0;
  43   1      }
*** WARNING C294 IN LINE 42 OF ADC_interfacing.c: unreachable code


MODULE INFORMATION:   STATIC OVERLAYABLE
   CODE SIZE        =     71    ----
   CONSTANT SIZE    =   ----    ----
   XDATA SIZE       =   ----    ----
   PDATA SIZE       =   ----    ----
   DATA SIZE        =   ----    ----
   IDATA SIZE       =   ----    ----
   BIT SIZE         =   ----    ----
C51 COMPILER V9.60.7.0   ADC_INTERFACING                                                   02/02/2024 19:33:13 PAGE 2   

END OF MODULE INFORMATION.


C51 COMPILATION COMPLETE.  1 WARNING(S),  0 ERROR(S)
